DEB [20231105-14:20:14.746] thr=1   paramiko.transport: starting thread (client mode): 0x17ee02e0
DEB [20231105-14:20:14.747] thr=1   paramiko.transport: Local version/idstring: SSH-2.0-paramiko_3.3.1
DEB [20231105-14:20:14.747] thr=1   paramiko.transport: Remote version/idstring: SSH-2.0-Cisco-1.25
INF [20231105-14:20:14.747] thr=1   paramiko.transport: Connected (version 2.0, client Cisco-1.25)
DEB [20231105-14:20:14.803] thr=1   paramiko.transport: === Key exchange possibilities ===
DEB [20231105-14:20:14.803] thr=1   paramiko.transport: kex algos: diffie-hellman-group1-sha1
DEB [20231105-14:20:14.805] thr=1   paramiko.transport: server key: ssh-rsa
DEB [20231105-14:20:14.805] thr=1   paramiko.transport: client encrypt: aes128-cbc, 3des-cbc, aes192-cbc, aes256-cbc
DEB [20231105-14:20:14.805] thr=1   paramiko.transport: server encrypt: aes128-cbc, 3des-cbc, aes192-cbc, aes256-cbc
DEB [20231105-14:20:14.806] thr=1   paramiko.transport: client mac: hmac-sha1, hmac-sha1-96, hmac-md5, hmac-md5-96
DEB [20231105-14:20:14.806] thr=1   paramiko.transport: server mac: hmac-sha1, hmac-sha1-96, hmac-md5, hmac-md5-96
DEB [20231105-14:20:14.806] thr=1   paramiko.transport: client compress: none
DEB [20231105-14:20:14.806] thr=1   paramiko.transport: server compress: none
DEB [20231105-14:20:14.806] thr=1   paramiko.transport: client lang: <none>
DEB [20231105-14:20:14.806] thr=1   paramiko.transport: server lang: <none>
DEB [20231105-14:20:14.806] thr=1   paramiko.transport: kex follows: False
DEB [20231105-14:20:14.806] thr=1   paramiko.transport: === Key exchange agreements ===
DEB [20231105-14:20:14.806] thr=1   paramiko.transport: Kex: diffie-hellman-group1-sha1
DEB [20231105-14:20:14.807] thr=1   paramiko.transport: HostKey: ssh-rsa
DEB [20231105-14:20:14.807] thr=1   paramiko.transport: Cipher: aes128-cbc
DEB [20231105-14:20:14.807] thr=1   paramiko.transport: MAC: hmac-sha1
DEB [20231105-14:20:14.807] thr=1   paramiko.transport: Compression: none
DEB [20231105-14:20:14.807] thr=1   paramiko.transport: === End of kex handshake ===
DEB [20231105-14:20:15.197] thr=1   paramiko.transport: kex engine KexGroup1 specified hash_algo <built-in function openssl_sha1>
DEB [20231105-14:20:15.202] thr=1   paramiko.transport: Switch to new keys ...
DEB [20231105-14:20:15.203] thr=2   paramiko.transport: Adding ssh-rsa host key for 192.168.73.2: b'4c9f0bd4a3d416d6e5c53a3cc47367d9'
DEB [20231105-14:20:15.446] thr=1   paramiko.transport: userauth is OK
INF [20231105-14:20:15.515] thr=1   paramiko.transport: Authentication (password) successful!
DEB [20231105-14:20:15.516] thr=2   paramiko.transport: [chan 0] Max packet in: 32768 bytes
DEB [20231105-14:20:15.555] thr=1   paramiko.transport: [chan 0] Max packet out: 4096 bytes
DEB [20231105-14:20:15.556] thr=1   paramiko.transport: Secsh channel 0 opened.
DEB [20231105-14:20:15.591] thr=1   paramiko.transport: [chan 0] Sesch channel 0 request ok
DEB [20231105-14:20:15.625] thr=1   paramiko.transport: [chan 0] Sesch channel 0 request ok
DEB [20231105-14:20:19.695] thr=2   paramiko.transport: [chan 0] EOF sent (0)
DEB [20231105-14:20:19.696] thr=1   paramiko.transport: EOF in transport thread
